Case #1: IMPOSSIBLE
Case #2: IMPOSSIBLE
Case #3: IMPOSSIBLE
Case #4: 2 1
Case #5: 1 2 3 4 5
Case #6: 2 1 4 3
Case #7: IMPOSSIBLE
Case #8: 3 2 1 20 11 5 4 10 9 8 7 6 15 14 13 12 16 17 19 18
Case #9: 1 2 3 4 5 6 7 8 9 10 11 12 13 14 15
Case #10: 5 1 4 8 9 10 2 11 14 3 6 7 12 13 15
Case #11: 2 6 1 3 4 7 9 10 11 13 14 5 15 16 17 12 18 8 20 19
Case #12: 1 2 7 8 9 10 11 12 13 14 15 16 3 17 4 18 5 19 6
Case #13: 1
Case #14: 5 1 2 3 6 4 7 8 9 10
Case #15: IMPOSSIBLE
Case #16: IMPOSSIBLE
Case #17: 4 7 6 2 8 3 1 9 5 11 12 14 10 15 17 16 18 19 20 13
Case #18: 1 2 3 4 5 6 7 8 9 10 11 12 13 14 15 16 17 18 19 20
Case #19: 1
Case #20: 4 9 15 1 7 18 2 3 6 5 8 11 10 12 13 14 17 16 19 20
Case #21: 1 2 3 4 6 7 5 9 8
Case #22: IMPOSSIBLE
Case #23: IMPOSSIBLE
Case #24: 3 4 6 7 9 5 11 10 12 13 8 14 15 16 17 1 18 2 19 20
Case #25: 1 2 3
